#
# A fatal error has been detected by the Java Runtime Environment:
#
#  EXCEPTION_ACCESS_VIOLATION (0xc0000005) at pc=0x0000000070212798, pid=10400, tid=0x0000000000001f68
#
# JRE version: OpenJDK Runtime Environment (8.0_232-b09) (build 1.8.0_232-b09)
# Java VM: OpenJDK 64-Bit Server VM (25.232-b09 mixed mode windows-amd64 compressed oops)
# Problematic frame:
# C  [libswipl.dll+0x12798]
#
# Failed to write core dump. Minidumps are not enabled by default on client versions of Windows
#
# If you would like to submit a bug report, please visit:
#   
# The crash happened outside the Java Virtual Machine in native code.
# See problematic frame for where to report the bug.
#

---------------  T H R E A D  ---------------

Current thread (0x0000011ef88ef000):  JavaThread "AWT-EventQueue-0" [_thread_in_native, id=8040, stack(0x00000007d9900000,0x00000007d9a00000)]

siginfo: ExceptionCode=0xc0000005, reading address 0xfffffffffef92220

Registers:
RAX=0x0000011efb6e0620, RBX=0xfffffffffef92220, RCX=0x000000000000002a, RDX=0x0000000000000003
RSP=0x00000007d99fc4f0, RBP=0x0000000000000008, RSI=0xfffffffffef92220, RDI=0x00000007d99fc6a0
R8 =0xfffffffffef92220, R9 =0x0000000000000016, R10=0x0000000000000086, R11=0x0000000051cecc54
R12=0xfffffffffb6fa3e0, R13=0x0000000000000008, R14=0x0000000000000016, R15=0x0000000070328d20
RIP=0x0000000070212798, EFLAGS=0x0000000000010246

Top of Stack: (sp=0x00000007d99fc4f0)
0x00000007d99fc4f0:   00000007d99fc500 0000000000000000
0x00000007d99fc500:   0000000000000000 000000006bb883a0
0x00000007d99fc510:   0000011ef88ef000 0000011ef88ef000
0x00000007d99fc520:   00000007d99fc6a0 0000011efcb8d4f8
0x00000007d99fc530:   0000011ef88ef000 0000011ef88ef1e0
0x00000007d99fc540:   fffffffffef92220 00000007d99fc6a0
0x00000007d99fc550:   00000007d99fc688 fffffffffb6fa3e0
0x00000007d99fc560:   0000000000000008 00000007d99fc6a0
0x00000007d99fc570:   0000011ef88ef000 000000006bb8844a
0x00000007d99fc580:   fffffffffb6fa3e0 0000011ef88ef000
0x00000007d99fc590:   0000011efcb8d4f8 0000011ef88ef000
0x00000007d99fc5a0:   0000011e80007e40 0000011efcb8d4f8
0x00000007d99fc5b0:   0000011ef6d79650 0000011e80007e40
0x00000007d99fc5c0:   00000007d99fc668 0000000000000000
0x00000007d99fc5d0:   0000011efcb8d4f8 0000011e8001964e
0x00000007d99fc5e0:   0000011ef6d79650 0000011ef88ef000 

Instructions: (pc=0x0000000070212798)
0x0000000070212778:   8b 47 18 49 3b 47 08 0f 86 7b 03 00 00 48 63 50
0x0000000070212788:   04 48 8d 44 d0 28 49 39 47 48 0f 82 18 03 00 00
0x0000000070212798:   48 8b 0b 48 83 79 18 00 8b 41 48 0f 84 31 03 00
0x00000000702127a8:   00 f6 c4 04 0f 85 61 04 00 00 48 89 ce 49 8b 5f 


Register to memory mapping:

RAX=0x0000011efb6e0620 is an unknown value
RBX=0xfffffffffef92220 is an unknown value
RCX=0x000000000000002a is an unknown value
RDX=0x0000000000000003 is an unknown value
RSP=0x00000007d99fc4f0 is pointing into the stack for thread: 0x0000011ef88ef000
RBP=0x0000000000000008 is an unknown value
RSI=0xfffffffffef92220 is an unknown value
RDI=0x00000007d99fc6a0 is pointing into the stack for thread: 0x0000011ef88ef000
R8 =0xfffffffffef92220 is an unknown value
R9 =0x0000000000000016 is an unknown value
R10=0x0000000000000086 is an unknown value
R11=0x0000000051cecc54 is an unknown value
R12=0xfffffffffb6fa3e0 is an unknown value
R13=0x0000000000000008 is an unknown value
R14=0x0000000000000016 is an unknown value
R15=0x0000000070328d20 is an unknown value


Stack: [0x00000007d9900000,0x00000007d9a00000],  sp=0x00000007d99fc4f0,  free space=1009k
Native frames: (J=compiled Java code, j=interpreted, Vv=VM code, C=native code)
C  [libswipl.dll+0x12798]
C  [jpl.dll+0x844a]
C  0x0000011e8001964e

Java frames: (J=compiled Java code, j=interpreted, Vv=VM code)
j  org.jpl7.fli.Prolog.open_query(Lorg/jpl7/fli/module_t;ILorg/jpl7/fli/predicate_t;Lorg/jpl7/fli/term_t;)Lorg/jpl7/fli/qid_t;+0
j  org.jpl7.Query.open()V+238
j  org.jpl7.Util.textToTerm(Ljava/lang/String;)Lorg/jpl7/Term;+57
j  org.jpl7.Query.<init>(Ljava/lang/String;)V+2
j  backend.LigacaoProlog.<init>(Ljava/lang/String;)V+60
j  tarefa1.Solucao.<init>(Ljava/lang/String;Ljava/lang/String;Ljava/lang/String;Ljava/lang/String;Ljava/lang/String;Ljava/lang/String;Ljava/lang/String;)V+19
j  tarefa1.sbc.terminarActionPerformed(Ljava/awt/event/ActionEvent;)V+678
j  tarefa1.sbc.access$7(Ltarefa1/sbc;Ljava/awt/event/ActionEvent;)V+2
j  tarefa1.sbc$8.actionPerformed(Ljava/awt/event/ActionEvent;)V+5
j  javax.swing.AbstractButton.fireActionPerformed(Ljava/awt/event/ActionEvent;)V+83
j  javax.swing.AbstractButton$Handler.actionPerformed(Ljava/awt/event/ActionEvent;)V+5
j  javax.swing.DefaultButtonModel.fireActionPerformed(Ljava/awt/event/ActionEvent;)V+34
j  javax.swing.DefaultButtonModel.setPressed(Z)V+117
j  javax.swing.plaf.basic.BasicButtonListener.mouseReleased(Ljava/awt/event/MouseEvent;)V+35
j  java.awt.Component.processMouseEvent(Ljava/awt/event/MouseEvent;)V+64
j  javax.swing.JComponent.processMouseEvent(Ljava/awt/event/MouseEvent;)V+23
j  java.awt.Component.processEvent(Ljava/awt/AWTEvent;)V+81
j  java.awt.Container.processEvent(Ljava/awt/AWTEvent;)V+18
J 1180 C1 java.awt.Component.dispatchEventImpl(Ljava/awt/AWTEvent;)V (921 bytes) @ 0x0000011e803fbe84 [0x0000011e803f6980+0x5504]
J 1244 C1 java.awt.Container.dispatchEventImpl(Ljava/awt/AWTEvent;)V (129 bytes) @ 0x0000011e8042ea84 [0x0000011e8042e940+0x144]
J 1009 C1 java.awt.Component.dispatchEvent(Ljava/awt/AWTEvent;)V (6 bytes) @ 0x0000011e80380144 [0x0000011e80380040+0x104]
j  java.awt.LightweightDispatcher.retargetMouseEvent(Ljava/awt/Component;ILjava/awt/event/MouseEvent;)V+349
j  java.awt.LightweightDispatcher.processMouseEvent(Ljava/awt/event/MouseEvent;)Z+155
j  java.awt.LightweightDispatcher.dispatchEvent(Ljava/awt/AWTEvent;)Z+50
J 1244 C1 java.awt.Container.dispatchEventImpl(Ljava/awt/AWTEvent;)V (129 bytes) @ 0x0000011e8042ea24 [0x0000011e8042e940+0xe4]
j  java.awt.Window.dispatchEventImpl(Ljava/awt/AWTEvent;)V+19
J 1269 C1 java.awt.EventQueue.dispatchEventImpl(Ljava/awt/AWTEvent;Ljava/lang/Object;)V (149 bytes) @ 0x0000011e804431bc [0x0000011e80441980+0x183c]
J 1268 C1 java.awt.EventQueue.access$500(Ljava/awt/EventQueue;Ljava/awt/AWTEvent;Ljava/lang/Object;)V (7 bytes) @ 0x0000011e8044141c [0x0000011e804413c0+0x5c]
j  java.awt.EventQueue$3.run()Ljava/lang/Void;+32
J 1266 C1 java.awt.EventQueue$3.run()Ljava/lang/Object; (5 bytes) @ 0x0000011e8044080c [0x0000011e80440780+0x8c]
v  ~StubRoutines::call_stub
J 703  java.security.AccessController.doPrivileged(Ljava/security/PrivilegedAction;Ljava/security/AccessControlContext;)Ljava/lang/Object; (0 bytes) @ 0x0000011e8029f666 [0x0000011e8029f600+0x66]
J 862 C1 java.security.ProtectionDomain$JavaSecurityAccessImpl.doIntersectionPrivilege(Ljava/security/PrivilegedAction;Ljava/security/AccessControlContext;Ljava/security/AccessControlContext;)Ljava/lang/Object; (22 bytes) @ 0x0000011e8030aa2c [0x0000011e8030a5c0+0x46c]
j  java.security.ProtectionDomain$JavaSecurityAccessImpl.doIntersectionPrivilege(Ljava/security/PrivilegedAction;Ljava/security/AccessControlContext;)Ljava/lang/Object;+6
j  java.awt.EventQueue$4.run()Ljava/lang/Void;+11
j  java.awt.EventQueue$4.run()Ljava/lang/Object;+1
v  ~StubRoutines::call_stub
J 703  java.security.AccessController.doPrivileged(Ljava/security/PrivilegedAction;Ljava/security/AccessControlContext;)Ljava/lang/Object; (0 bytes) @ 0x0000011e8029f666 [0x0000011e8029f600+0x66]
J 1007 C1 java.awt.EventQueue.dispatchEvent(Ljava/awt/AWTEvent;)V (80 bytes) @ 0x0000011e80384fbc [0x0000011e80384140+0xe7c]
J 1025 C1 java.awt.EventDispatchThread.pumpOneEventForFilters(I)V (190 bytes) @ 0x0000011e8039674c [0x0000011e80395600+0x114c]
j  java.awt.EventDispatchThread.pumpEventsForFilter(ILjava/awt/Conditional;Ljava/awt/EventFilter;)V+35
j  java.awt.EventDispatchThread.pumpEventsForHierarchy(ILjava/awt/Conditional;Ljava/awt/Component;)V+11
j  java.awt.EventDispatchThread.pumpEvents(ILjava/awt/Conditional;)V+4
j  java.awt.EventDispatchThread.pumpEvents(Ljava/awt/Conditional;)V+3
j  java.awt.EventDispatchThread.run()V+9
v  ~StubRoutines::call_stub

---------------  P R O C E S S  ---------------

Java Threads: ( => current thread )
  0x0000011ef868b000 JavaThread "Image Fetcher 0" daemon [_thread_blocked, id=248, stack(0x00000007da300000,0x00000007da400000)]
  0x0000011ef9545000 JavaThread "D3D Screen Updater" daemon [_thread_blocked, id=9060, stack(0x00000007da200000,0x00000007da300000)]
  0x0000011ef2bb9000 JavaThread "DestroyJavaVM" [_thread_blocked, id=10756, stack(0x00000007d8700000,0x00000007d8800000)]
=>0x0000011ef88ef000 JavaThread "AWT-EventQueue-0" [_thread_in_native, id=8040, stack(0x00000007d9900000,0x00000007d9a00000)]
  0x0000011ef887d000 JavaThread "AWT-Windows" daemon [_thread_in_native, id=10148, stack(0x00000007d9800000,0x00000007d9900000)]
  0x0000011ef8877000 JavaThread "AWT-Shutdown" [_thread_blocked, id=9300, stack(0x00000007d9700000,0x00000007d9800000)]
  0x0000011ef8876000 JavaThread "Java2D Disposer" daemon [_thread_blocked, id=11012, stack(0x00000007d9600000,0x00000007d9700000)]
  0x0000011ef79d5800 JavaThread "Service Thread" daemon [_thread_blocked, id=6968, stack(0x00000007d9400000,0x00000007d9500000)]
  0x0000011ef7950000 JavaThread "C1 CompilerThread2" daemon [_thread_blocked, id=2264, stack(0x00000007d9300000,0x00000007d9400000)]
  0x0000011ef794b800 JavaThread "C2 CompilerThread1" daemon [_thread_blocked, id=10020, stack(0x00000007d9200000,0x00000007d9300000)]
  0x0000011ef7948000 JavaThread "C2 CompilerThread0" daemon [_thread_blocked, id=4656, stack(0x00000007d9100000,0x00000007d9200000)]
  0x0000011ef7946800 JavaThread "Attach Listener" daemon [_thread_blocked, id=10000, stack(0x00000007d9000000,0x00000007d9100000)]
  0x0000011ef7945800 JavaThread "Signal Dispatcher" daemon [_thread_blocked, id=9520, stack(0x00000007d8f00000,0x00000007d9000000)]
  0x0000011ef71fa800 JavaThread "Finalizer" daemon [_thread_blocked, id=1560, stack(0x00000007d8e00000,0x00000007d8f00000)]
  0x0000011ef7926000 JavaThread "Reference Handler" daemon [_thread_blocked, id=3576, stack(0x00000007d8d00000,0x00000007d8e00000)]

Other Threads:
  0x0000011ef7903800 VMThread [stack: 0x00000007d8c00000,0x00000007d8d00000] [id=10768]
  0x0000011ef79d6000 WatcherThread [stack: 0x00000007d9500000,0x00000007d9600000] [id=1284]

VM state:not at safepoint (normal execution)

VM Mutex/Monitor currently owned by a thread: None

heap address: 0x00000000c8600000, size: 890 MB, Compressed Oops mode: 32-bit
Narrow klass base: 0x0000000000000000, Narrow klass shift: 3
Compressed class space size: 1073741824 Address: 0x0000000100000000

Heap:
 PSYoungGen      total 16896K, used 5121K [0x00000000ed780000, 0x00000000eea00000, 0x0000000100000000)
  eden space 14848K, 20% used [0x00000000ed780000,0x00000000eda86a20,0x00000000ee600000)
  from space 2048K, 98% used [0x00000000ee600000,0x00000000ee7f9a40,0x00000000ee800000)
  to   space 2048K, 0% used [0x00000000ee800000,0x00000000ee800000,0x00000000eea00000)
 ParOldGen       total 38400K, used 3260K [0x00000000c8600000, 0x00000000cab80000, 0x00000000ed780000)
  object space 38400K, 8% used [0x00000000c8600000,0x00000000c892f248,0x00000000cab80000)
 Metaspace       used 15012K, capacity 15262K, committed 15616K, reserved 1062912K
  class space    used 1909K, capacity 2009K, committed 2048K, reserved 1048576K

Card table byte_map: [0x0000011ef4880000,0x0000011ef4a40000] byte_map_base: 0x0000011ef423d000

Marking Bits: (ParMarkBitMap*) 0x0000000051cf5f70
 Begin Bits: [0x0000011ef4b70000, 0x0000011ef5958000)
 End Bits:   [0x0000011ef5958000, 0x0000011ef6740000)

Polling page: 0x0000011ef2c80000

CodeCache: size=245760Kb used=4661Kb max_used=4672Kb free=241098Kb
 bounds [0x0000011e80000000, 0x0000011e804a0000, 0x0000011e8f000000]
 total_blobs=1895 nmethods=1353 adapters=456
 compilation: enabled

Compilation events (10 events):
Event: 14.876 Thread 0x0000011ef7950000 nmethod 1360 0x0000011e8048fad0 code [0x0000011e8048fc20, 0x0000011e8048fd58]
Event: 14.879 Thread 0x0000011ef7950000 1361       1       java.net.URLClassLoader::access$000 (5 bytes)
Event: 14.879 Thread 0x0000011ef7950000 nmethod 1361 0x0000011e8048f810 code [0x0000011e8048f960, 0x0000011e8048fa58]
Event: 14.880 Thread 0x0000011ef7950000 1362       3       java.util.BitSet::checkInvariants (111 bytes)
Event: 14.880 Thread 0x0000011ef7950000 nmethod 1362 0x0000011e8048f090 code [0x0000011e8048f1e0, 0x0000011e8048f378]
Event: 14.880 Thread 0x0000011ef7950000 1363   !   3       java.util.zip.Inflater::inflate (113 bytes)
Event: 14.881 Thread 0x0000011ef7950000 nmethod 1363 0x0000011e8048e510 code [0x0000011e8048e6c0, 0x0000011e8048ed40]
Event: 14.884 Thread 0x0000011ef7950000 1365       1       java.util.zip.ZipFile::access$000 (5 bytes)
Event: 14.885 Thread 0x0000011ef7950000 nmethod 1365 0x0000011e8048e250 code [0x0000011e8048e3a0, 0x0000011e8048e498]
Event: 14.885 Thread 0x0000011ef7948000 nmethod 1359 0x0000011e8048de10 code [0x0000011e8048df60, 0x0000011e8048e118]

GC Heap History (2 events):
Event: 9.781 GC heap before
{Heap before GC invocations=1 (full 0):
 PSYoungGen      total 16896K, used 14848K [0x00000000ed780000, 0x00000000eea00000, 0x0000000100000000)
  eden space 14848K, 100% used [0x00000000ed780000,0x00000000ee600000,0x00000000ee600000)
  from space 2048K, 0% used [0x00000000ee800000,0x00000000ee800000,0x00000000eea00000)
  to   space 2048K, 0% used [0x00000000ee600000,0x00000000ee600000,0x00000000ee800000)
 ParOldGen       total 38400K, used 0K [0x00000000c8600000, 0x00000000cab80000, 0x00000000ed780000)
  object space 38400K, 0% used [0x00000000c8600000,0x00000000c8600000,0x00000000cab80000)
 Metaspace       used 14221K, capacity 14466K, committed 14720K, reserved 1062912K
  class space    used 1780K, capacity 1869K, committed 1920K, reserved 1048576K
Event: 9.798 GC heap after
Heap after GC invocations=1 (full 0):
 PSYoungGen      total 16896K, used 2022K [0x00000000ed780000, 0x00000000eea00000, 0x0000000100000000)
  eden space 14848K, 0% used [0x00000000ed780000,0x00000000ed780000,0x00000000ee600000)
  from space 2048K, 98% used [0x00000000ee600000,0x00000000ee7f9a40,0x00000000ee800000)
  to   space 2048K, 0% used [0x00000000ee800000,0x00000000ee800000,0x00000000eea00000)
 ParOldGen       total 38400K, used 3260K [0x00000000c8600000, 0x00000000cab80000, 0x00000000ed780000)
  object space 38400K, 8% used [0x00000000c8600000,0x00000000c892f248,0x00000000cab80000)
 Metaspace       used 14221K, capacity 14466K, committed 14720K, reserved 1062912K
  class space    used 1780K, capacity 1869K, committed 1920K, reserved 1048576K
}

Deoptimization events (7 events):
Event: 3.799 Thread 0x0000011ef88ef000 Uncommon trap: reason=class_check action=maybe_recompile pc=0x0000011e8016ea94 method=java.lang.String.equals(Ljava/lang/Object;)Z @ 8
Event: 3.799 Thread 0x0000011ef88ef000 Uncommon trap: reason=class_check action=maybe_recompile pc=0x0000011e8016ea94 method=java.lang.String.equals(Ljava/lang/Object;)Z @ 8
Event: 3.799 Thread 0x0000011ef88ef000 Uncommon trap: reason=class_check action=maybe_recompile pc=0x0000011e8016ea94 method=java.lang.String.equals(Ljava/lang/Object;)Z @ 8
Event: 5.090 Thread 0x0000011ef88ef000 Uncommon trap: reason=unstable_if action=reinterpret pc=0x0000011e801f5334 method=java.util.HashMap.putVal(ILjava/lang/Object;Ljava/lang/Object;ZZ)Ljava/lang/Object; @ 109
Event: 5.225 Thread 0x0000011ef88ef000 Uncommon trap: reason=unstable_if action=reinterpret pc=0x0000011e801e2944 method=java.util.HashMap.putVal(ILjava/lang/Object;Ljava/lang/Object;ZZ)Ljava/lang/Object; @ 109
Event: 8.865 Thread 0x0000011ef88ef000 Uncommon trap: reason=class_check action=maybe_recompile pc=0x0000011e8016ea94 method=java.lang.String.equals(Ljava/lang/Object;)Z @ 8
Event: 12.832 Thread 0x0000011ef88ef000 Uncommon trap: reason=null_check action=make_not_entrant pc=0x0000011e802627ec method=javax.swing.plaf.nimbus.DerivedColor.equals(Ljava/lang/Object;)Z @ 8

Classes redefined (0 events):
No events

Internal exceptions (10 events):
Event: 0.794 Thread 0x0000011ef2bb9000 Exception <a 'java/lang/ClassNotFoundException': ToggleButton> (0x00000000edaec238) thrown at [C:\cygwin64\tmp\openjdk-jdk8u-windows-x64-hotspot\workspace\build\src\hotspot\src\share\vm\classfile\systemDictionary.cpp, line 210]
Event: 0.795 Thread 0x0000011ef2bb9000 Exception <a 'java/lang/ClassNotFoundException': javax/swing/JToolBarSeparator> (0x00000000edaec698) thrown at [C:\cygwin64\tmp\openjdk-jdk8u-windows-x64-hotspot\workspace\build\src\hotspot\src\share\vm\classfile\systemDictionary.cpp, line 210]
Event: 0.795 Thread 0x0000011ef2bb9000 Exception <a 'java/lang/ClassNotFoundException': ToolBarSeparator> (0x00000000edaecb30) thrown at [C:\cygwin64\tmp\openjdk-jdk8u-windows-x64-hotspot\workspace\build\src\hotspot\src\share\vm\classfile\systemDictionary.cpp, line 210]
Event: 0.795 Thread 0x0000011ef2bb9000 Exception <a 'java/lang/ClassNotFoundException': ToolTip> (0x00000000edaed270) thrown at [C:\cygwin64\tmp\openjdk-jdk8u-windows-x64-hotspot\workspace\build\src\hotspot\src\share\vm\classfile\systemDictionary.cpp, line 210]
Event: 0.800 Thread 0x0000011ef2bb9000 Exception <a 'java/lang/ClassNotFoundException': Tree> (0x00000000edaede90) thrown at [C:\cygwin64\tmp\openjdk-jdk8u-windows-x64-hotspot\workspace\build\src\hotspot\src\share\vm\classfile\systemDictionary.cpp, line 210]
Event: 0.800 Thread 0x0000011ef2bb9000 Exception <a 'java/lang/ClassNotFoundException': Tree> (0x00000000edaee5d0) thrown at [C:\cygwin64\tmp\openjdk-jdk8u-windows-x64-hotspot\workspace\build\src\hotspot\src\share\vm\classfile\systemDictionary.cpp, line 210]
Event: 0.800 Thread 0x0000011ef2bb9000 Exception <a 'java/lang/ClassNotFoundException': javax/swing/JTreeCell> (0x00000000edaee950) thrown at [C:\cygwin64\tmp\openjdk-jdk8u-windows-x64-hotspot\workspace\build\src\hotspot\src\share\vm\classfile\systemDictionary.cpp, line 210]
Event: 0.800 Thread 0x0000011ef2bb9000 Exception <a 'java/lang/ClassNotFoundException': TreeCell> (0x00000000edaeedd8) thrown at [C:\cygwin64\tmp\openjdk-jdk8u-windows-x64-hotspot\workspace\build\src\hotspot\src\share\vm\classfile\systemDictionary.cpp, line 210]
Event: 0.801 Thread 0x0000011ef2bb9000 Exception <a 'java/lang/ClassNotFoundException': RootPane> (0x00000000edaef838) thrown at [C:\cygwin64\tmp\openjdk-jdk8u-windows-x64-hotspot\workspace\build\src\hotspot\src\share\vm\classfile\systemDictionary.cpp, line 210]
Event: 12.832 Thread 0x0000011ef88ef000 Implicit null exception at 0x0000011e802624da to 0x0000011e802627dd

Events (10 events):
Event: 14.880 loading class org/jpl7/fli/Int64Holder
Event: 14.880 loading class org/jpl7/fli/Int64Holder done
Event: 14.881 loading class org/jpl7/fli/DoubleHolder
Event: 14.881 loading class org/jpl7/fli/DoubleHolder done
Event: 14.883 loading class org/jpl7/fli/StringHolder
Event: 14.883 loading class org/jpl7/fli/StringHolder done
Event: 14.884 loading class org/jpl7/fli/ObjectHolder
Event: 14.884 loading class org/jpl7/fli/ObjectHolder done
Event: 14.885 loading class org/jpl7/fli/BooleanHolder
Event: 14.885 loading class org/jpl7/fli/BooleanHolder done


Dynamic libraries:
0x00007ff70cd40000 - 0x00007ff70cd7a000 	C:\Users\Utilizador\AppData\Local\Programs\AdoptOpenJDK\bin\javaw.exe
0x00007ffdce290000 - 0x00007ffdce485000 	C:\WINDOWS\SYSTEM32\ntdll.dll
0x00007ffdcbc00000 - 0x00007ffdcbcbe000 	C:\WINDOWS\System32\KERNEL32.DLL
0x00007ffdcb370000 - 0x00007ffdcb638000 	C:\WINDOWS\System32\KERNELBASE.dll
0x00007ffdcc590000 - 0x00007ffdcc63e000 	C:\WINDOWS\System32\ADVAPI32.dll
0x00007ffdce140000 - 0x00007ffdce1de000 	C:\WINDOWS\System32\msvcrt.dll
0x00007ffdcd8c0000 - 0x00007ffdcd95c000 	C:\WINDOWS\System32\sechost.dll
0x00007ffdce010000 - 0x00007ffdce135000 	C:\WINDOWS\System32\RPCRT4.dll
0x00007ffdcd720000 - 0x00007ffdcd8c0000 	C:\WINDOWS\System32\USER32.dll
0x00007ffdcafc0000 - 0x00007ffdcafe2000 	C:\WINDOWS\System32\win32u.dll
0x00007ffdcbd50000 - 0x00007ffdcbd7a000 	C:\WINDOWS\System32\GDI32.dll
0x00007ffdcb7e0000 - 0x00007ffdcb8eb000 	C:\WINDOWS\System32\gdi32full.dll
0x00007ffdcb130000 - 0x00007ffdcb1cd000 	C:\WINDOWS\System32\msvcp_win.dll
0x00007ffdcb270000 - 0x00007ffdcb370000 	C:\WINDOWS\System32\ucrtbase.dll
0x00007ffdb2a20000 - 0x00007ffdb2cba000 	C:\WINDOWS\WinSxS\amd64_microsoft.windows.common-controls_6595b64144ccf1df_6.0.19041.1110_none_60b5254171f9507e\COMCTL32.dll
0x00007ffdcd960000 - 0x00007ffdcd990000 	C:\WINDOWS\System32\IMM32.DLL
0x00007ffda2430000 - 0x00007ffda251f000 	C:\Users\Utilizador\AppData\Local\Programs\AdoptOpenJDK\jre\bin\msvcr120.dll
0x00007ffda5b60000 - 0x00007ffda5c06000 	C:\Users\Utilizador\AppData\Local\Programs\AdoptOpenJDK\jre\bin\msvcp120.dll
0x0000000051570000 - 0x0000000051d6f000 	C:\Users\Utilizador\AppData\Local\Programs\AdoptOpenJDK\jre\bin\server\jvm.dll
0x00007ffdce000000 - 0x00007ffdce008000 	C:\WINDOWS\System32\PSAPI.DLL
0x00007ffd8f950000 - 0x00007ffd8f959000 	C:\WINDOWS\SYSTEM32\WSOCK32.dll
0x00007ffdcbb30000 - 0x00007ffdcbb9b000 	C:\WINDOWS\System32\WS2_32.dll
0x00007ffdc62c0000 - 0x00007ffdc62e7000 	C:\WINDOWS\SYSTEM32\WINMM.dll
0x00007ffdc62f0000 - 0x00007ffdc62fa000 	C:\WINDOWS\SYSTEM32\VERSION.dll
0x00007ffdc1620000 - 0x00007ffdc162f000 	C:\Users\Utilizador\AppData\Local\Programs\AdoptOpenJDK\jre\bin\verify.dll
0x00007ffdb9e40000 - 0x00007ffdb9e68000 	C:\Users\Utilizador\AppData\Local\Programs\AdoptOpenJDK\jre\bin\java.dll
0x00007ffdbd360000 - 0x00007ffdbd376000 	C:\Users\Utilizador\AppData\Local\Programs\AdoptOpenJDK\jre\bin\zip.dll
0x00007ffdccf70000 - 0x00007ffdcd6b4000 	C:\WINDOWS\System32\SHELL32.dll
0x00007ffdc90f0000 - 0x00007ffdc9884000 	C:\WINDOWS\SYSTEM32\windows.storage.dll
0x00007ffdcdbd0000 - 0x00007ffdcdf24000 	C:\WINDOWS\System32\combase.dll
0x00007ffdcaa30000 - 0x00007ffdcaa5c000 	C:\WINDOWS\SYSTEM32\Wldp.dll
0x00007ffdcba60000 - 0x00007ffdcbb0d000 	C:\WINDOWS\System32\SHCORE.dll
0x00007ffdce1f0000 - 0x00007ffdce245000 	C:\WINDOWS\System32\shlwapi.dll
0x00007ffdcaf00000 - 0x00007ffdcaf1f000 	C:\WINDOWS\SYSTEM32\profapi.dll
0x00007ffda1660000 - 0x00007ffda17f5000 	C:\Users\Utilizador\AppData\Local\Programs\AdoptOpenJDK\jre\bin\awt.dll
0x00007ffdcdf30000 - 0x00007ffdcdffd000 	C:\WINDOWS\System32\OLEAUT32.dll
0x00007ffdc8840000 - 0x00007ffdc88d0000 	C:\WINDOWS\SYSTEM32\apphelp.dll
0x00007ffdc8a10000 - 0x00007ffdc8aae000 	C:\WINDOWS\system32\uxtheme.dll
0x00007ffdcb940000 - 0x00007ffdcba55000 	C:\WINDOWS\System32\MSCTF.dll
0x00007ffdcd990000 - 0x00007ffdcdaba000 	C:\WINDOWS\System32\ole32.dll
0x00007ffdc8ef0000 - 0x00007ffdc8f02000 	C:\WINDOWS\SYSTEM32\kernel.appcore.dll
0x00007ffdcb0a0000 - 0x00007ffdcb122000 	C:\WINDOWS\System32\bcryptPrimitives.dll
0x00007ffdc8de0000 - 0x00007ffdc8e0f000 	C:\WINDOWS\system32\DWMAPI.DLL
0x00007ffda5410000 - 0x00007ffda54a3000 	C:\Users\Utilizador\AppData\Local\Programs\AdoptOpenJDK\jre\bin\freetype.dll
0x00007ffda15a0000 - 0x00007ffda165d000 	C:\Users\Utilizador\AppData\Local\Programs\AdoptOpenJDK\jre\bin\fontmanager.dll
0x00007ffda1470000 - 0x00007ffda1596000 	C:\WINDOWS\system32\opengl32.dll
0x00007ffdaf290000 - 0x00007ffdaf2bc000 	C:\WINDOWS\SYSTEM32\GLU32.dll
0x00007ffd8b660000 - 0x00007ffd8b82f000 	C:\WINDOWS\system32\d3d9.dll
0x00007ffdc37e0000 - 0x00007ffdc3947000 	C:\WINDOWS\SYSTEM32\aticfx64.dll
0x00007ffd8b630000 - 0x00007ffd8b651000 	C:\WINDOWS\SYSTEM32\atiu9p64.dll
0x00007ffd8add0000 - 0x00007ffd8b629000 	C:\WINDOWS\SYSTEM32\atiumd64.dll
0x0000000053df0000 - 0x0000000054678000 	C:\WINDOWS\SYSTEM32\atiumd6a.dll
0x00007ffdca5a0000 - 0x00007ffdca5eb000 	C:\WINDOWS\SYSTEM32\POWRPROF.dll
0x00007ffdca420000 - 0x00007ffdca432000 	C:\WINDOWS\SYSTEM32\UMPDC.dll
0x00007ffdba060000 - 0x00007ffdba07a000 	C:\Users\Utilizador\AppData\Local\Programs\AdoptOpenJDK\jre\bin\net.dll
0x00007ffdca790000 - 0x00007ffdca7fa000 	C:\WINDOWS\system32\mswsock.dll
0x00007ffdb8b20000 - 0x00007ffdb8b32000 	C:\Users\Utilizador\AppData\Local\Programs\AdoptOpenJDK\jre\bin\nio.dll
0x00007ffdc0a50000 - 0x00007ffdc0b49000 	C:\WINDOWS\SYSTEM32\textinputframework.dll
0x00007ffdc7f20000 - 0x00007ffdc827e000 	C:\WINDOWS\System32\CoreUIComponents.dll
0x00007ffdc8600000 - 0x00007ffdc86f2000 	C:\WINDOWS\System32\CoreMessaging.dll
0x00007ffdc9ce0000 - 0x00007ffdc9d13000 	C:\WINDOWS\SYSTEM32\ntmarta.dll
0x00007ffdc7420000 - 0x00007ffdc7574000 	C:\WINDOWS\SYSTEM32\wintypes.dll
0x00007ffdaec00000 - 0x00007ffdaec2a000 	C:\Users\Utilizador\AppData\Local\Programs\AdoptOpenJDK\jre\bin\jpeg.dll
0x000000006bb80000 - 0x000000006bbe5000 	C:\Program Files\swipl\bin\jpl.dll
0x0000000070200000 - 0x0000000070a33000 	C:\Program Files\swipl\bin\libswipl.dll
0x0000000064940000 - 0x000000006498b000 	C:\Program Files\swipl\bin\libwinpthread-1.dll
0x00007ffdcc720000 - 0x00007ffdcc73d000 	C:\WINDOWS\System32\imagehlp.dll
0x0000000069e80000 - 0x0000000069f55000 	C:\Program Files\swipl\bin\libdwarf.dll
0x0000000061440000 - 0x00000000614be000 	C:\Program Files\swipl\bin\libgcc_s_seh-1.dll
0x000000006acc0000 - 0x000000006ad48000 	C:\Program Files\swipl\bin\libgmp-10.dll
0x00007ffdc24a0000 - 0x00007ffdc2684000 	C:\WINDOWS\SYSTEM32\dbghelp.dll

VM Arguments:
jvm_args: -Dfile.encoding=Cp1252 
java_command: tarefa1.Festival
java_class_path (initial): C:\Users\Utilizador\Downloads\Prolog---Java---Choose-a-festival-according-to-a-knowledge-database.-master\Prolog---Java---Choose-a-festival-according-to-a-knowledge-database.-master\target\classes;C:\Program Files\swipl\lib\jpl.jar;C:\Users\Utilizador\Downloads\jar_files (9)\commons-io-2.11.0.jar
Launcher Type: SUN_STANDARD

Environment Variables:
JAVA_HOME=C:\Users\Utilizador\AppData\Local\Programs\AdoptOpenJDK\jre
PATH=C:/Users/Utilizador/AppData/Local/Programs/AdoptOpenJDK/bin/../jre/bin/server;C:/Users/Utilizador/AppData/Local/Programs/AdoptOpenJDK/bin/../jre/bin;C:/Users/Utilizador/AppData/Local/Programs/AdoptOpenJDK/bin/../jre/lib/amd64;C:\Program Files\sap\hdbclient;C:\GTK\bin;C:\Users\Utilizador\Downloads\SDL2-devel-2.0.14-VC\SDL2-2.0.14\lib\x64;C:\Program Files\Microsoft\Web Platform Installer;C:\Users\Utilizador\apache-ant-1.10.10-src\apache-ant-1.10.10\bin;C:\Program Files\nodejs\;C:\Program Files\dotnet\;C:\WINDOWS\system32;C:\WINDOWS;C:\WINDOWS\System32\Wbem;C:\WINDOWS\System32\WindowsPowerShell\v1.0\;C:\WINDOWS\System32\OpenSSH\;C:\Program Files (x86)\ATI Technologies\ATI.ACE\Core-Static;C:\Program Files (x86)\dotnet\;C:\Users\Utilizador\Downloads\Instagram-automated-commenting-main\Resource\driver;C:\Users\Utilizador\AppData\Local\Programs\Python\Python38\Scripts\;C:\Users\Utilizador\AppData\Local\Programs\Python\Python38\;C:\Users\Utilizador\AppData\Local\Programs\AdoptOpenJDK\bin;C:\Users\Utilizador\AppData\Local\Programs\Microsoft VS Code\bin;C:\Users\Utilizador\.dotnet\tools;C:\Users\Utilizador\go\bin;C:\Program Files\heroku\bin;C:\Users\Utilizador\apache-ant-1.10.10-src\apache-ant-1.10.10\bin;C:\Users\Utilizador\AppData\Roaming\npm;C:\Users\Utilizador\.dotnet\tools;C:\Windows\System32;C:\Users\Utilizador\AppData\Local\Microsoft\WindowsApps;C:\Spark1\spark-3.1.2-bin-hadoop3.2\bin;C:\hadoop\bin;C:\Program Files\Git\bin;C:\Program Files\Git\usr\bin;C:\Users\Utilizador\Downloads\apache-maven-3.8.4-bin.tar\apache-maven-3.8.4-bin\apache-maven-3.8.4\bin;C:\Users\Utilizador\Downloads\protoc-2.5.0-win32;C:\MinGW\bin;C:\GTK\bin;C:\Users\Utilizador\Downloads\Instagram-automated-commenting-main\Resource\driver;C:\Program Files\swipl\bin;C:\Program Files\swipl\lib\jpl.jar;;C:\Users\Utilizador\eclipse\jee-2019-12\eclipse;
USERNAME=Utilizador
OS=Windows_NT
PROCESSOR_IDENTIFIER=AMD64 Family 21 Model 16 Stepping 1, AuthenticAMD



---------------  S Y S T E M  ---------------

OS: Windows 10.0 , 64 bit Build 19041 (10.0.19041.1645)

CPU:total 4 (initial active 4) (4 cores per cpu, 1 threads per core) family 21 model 16 stepping 1, cmov, cx8, fxsr, mmx, sse, sse2, sse3, ssse3, sse4.1, sse4.2, popcnt, avx, aes, clmul, mmxext, 3dnowpref, lzcnt, sse4a, tsc, tscinvbit, tscinv, bmi1

Memory: 4k page, physical 3643764k(391384k free), swap 9673076k(3130744k free)

vm_info: OpenJDK 64-Bit Server VM (25.232-b09) for windows-amd64 JRE (1.8.0_232-b09), built on Oct 18 2019 15:06:13 by "jenkins" with MS VC++ 12.0 (VS2013)

time: Thu May 12 18:16:14 2022
timezone: Hora de Verão de GMT
elapsed time: 16 seconds (0d 0h 0m 16s)

