#
# A fatal error has been detected by the Java Runtime Environment:
#
#  EXCEPTION_ACCESS_VIOLATION (0xc0000005) at pc=0x0000000070212798, pid=6040, tid=0x0000000000000080
#
# JRE version: OpenJDK Runtime Environment (8.0_232-b09) (build 1.8.0_232-b09)
# Java VM: OpenJDK 64-Bit Server VM (25.232-b09 mixed mode windows-amd64 compressed oops)
# Problematic frame:
# C  [libswipl.dll+0x12798]
#
# Failed to write core dump. Minidumps are not enabled by default on client versions of Windows
#
# If you would like to submit a bug report, please visit:
#   
# The crash happened outside the Java Virtual Machine in native code.
# See problematic frame for where to report the bug.
#

---------------  T H R E A D  ---------------

Current thread (0x000001fdaedf2000):  JavaThread "AWT-EventQueue-0" [_thread_in_native, id=128, stack(0x0000001381700000,0x0000001381800000)]

siginfo: ExceptionCode=0xc0000005, reading address 0xffffffffb446a960

Registers:
RAX=0x000001fdb1b8ff10, RBX=0xffffffffb446a960, RCX=0x000000000000002a, RDX=0x0000000000000003
RSP=0x00000013817fc8c0, RBP=0x0000000000000008, RSI=0xffffffffb446a960, RDI=0x00000013817fca70
R8 =0xffffffffb446a960, R9 =0x0000000000000016, R10=0x00000000000000ac, R11=0x0000000051cecc54
R12=0xffffffffb1ba9c30, R13=0x0000000000000008, R14=0x0000000000000016, R15=0x0000000070328d20
RIP=0x0000000070212798, EFLAGS=0x0000000000010246

Top of Stack: (sp=0x00000013817fc8c0)
0x00000013817fc8c0:   00000013817fc900 0000000000000000
0x00000013817fc8d0:   0000000000000000 000000006bb883a0
0x00000013817fc8e0:   000001fdaedf2000 000001fdaedf2000
0x00000013817fc8f0:   00000013817fca70 000001fdb303d550
0x00000013817fc900:   000001fdaedf2000 000001fdaedf21e0
0x00000013817fc910:   ffffffffb446a960 00000013817fca70
0x00000013817fc920:   00000013817fca58 ffffffffb1ba9c30
0x00000013817fc930:   0000000000000008 00000013817fca70
0x00000013817fc940:   000001fdaedf2000 000000006bb8844a
0x00000013817fc950:   ffffffffb1ba9c30 000001fdaedf2000
0x00000013817fc960:   000001fdb303d550 000001fdaedf2000
0x00000013817fc970:   000001fd9bae7e40 000001fdb303d550
0x00000013817fc980:   000001fdad289150 000001fd9bae7e40
0x00000013817fc990:   00000013817fca38 0000000000000000
0x00000013817fc9a0:   000001fdb303d550 000001fd9baf964e
0x00000013817fc9b0:   000001fdad289150 000001fdaedf2000 

Instructions: (pc=0x0000000070212798)
0x0000000070212778:   8b 47 18 49 3b 47 08 0f 86 7b 03 00 00 48 63 50
0x0000000070212788:   04 48 8d 44 d0 28 49 39 47 48 0f 82 18 03 00 00
0x0000000070212798:   48 8b 0b 48 83 79 18 00 8b 41 48 0f 84 31 03 00
0x00000000702127a8:   00 f6 c4 04 0f 85 61 04 00 00 48 89 ce 49 8b 5f 


Register to memory mapping:

RAX=0x000001fdb1b8ff10 is an unknown value
RBX=0xffffffffb446a960 is an unknown value
RCX=0x000000000000002a is an unknown value
RDX=0x0000000000000003 is an unknown value
RSP=0x00000013817fc8c0 is pointing into the stack for thread: 0x000001fdaedf2000
RBP=0x0000000000000008 is an unknown value
RSI=0xffffffffb446a960 is an unknown value
RDI=0x00000013817fca70 is pointing into the stack for thread: 0x000001fdaedf2000
R8 =0xffffffffb446a960 is an unknown value
R9 =0x0000000000000016 is an unknown value
R10=0x00000000000000ac is an unknown value
R11=0x0000000051cecc54 is an unknown value
R12=0xffffffffb1ba9c30 is an unknown value
R13=0x0000000000000008 is an unknown value
R14=0x0000000000000016 is an unknown value
R15=0x0000000070328d20 is an unknown value


Stack: [0x0000001381700000,0x0000001381800000],  sp=0x00000013817fc8c0,  free space=1010k
Native frames: (J=compiled Java code, j=interpreted, Vv=VM code, C=native code)
C  [libswipl.dll+0x12798]
C  [jpl.dll+0x844a]
C  0x000001fd9baf964e

Java frames: (J=compiled Java code, j=interpreted, Vv=VM code)
j  org.jpl7.fli.Prolog.open_query(Lorg/jpl7/fli/module_t;ILorg/jpl7/fli/predicate_t;Lorg/jpl7/fli/term_t;)Lorg/jpl7/fli/qid_t;+0
j  org.jpl7.Query.open()V+238
j  org.jpl7.Util.textToTerm(Ljava/lang/String;)Lorg/jpl7/Term;+57
j  org.jpl7.Query.<init>(Ljava/lang/String;)V+2
j  backend.LigacaoProlog.<init>(Ljava/lang/String;)V+60
j  tarefa1.Solucao.<init>(Ljava/lang/String;Ljava/lang/String;Ljava/lang/String;Ljava/lang/String;Ljava/lang/String;Ljava/lang/String;Ljava/lang/String;)V+19
j  tarefa1.sbc.terminarActionPerformed(Ljava/awt/event/ActionEvent;)V+678
j  tarefa1.sbc.access$7(Ltarefa1/sbc;Ljava/awt/event/ActionEvent;)V+2
j  tarefa1.sbc$8.actionPerformed(Ljava/awt/event/ActionEvent;)V+5
j  javax.swing.AbstractButton.fireActionPerformed(Ljava/awt/event/ActionEvent;)V+83
j  javax.swing.AbstractButton$Handler.actionPerformed(Ljava/awt/event/ActionEvent;)V+5
j  javax.swing.DefaultButtonModel.fireActionPerformed(Ljava/awt/event/ActionEvent;)V+34
j  javax.swing.DefaultButtonModel.setPressed(Z)V+117
j  javax.swing.plaf.basic.BasicButtonListener.mouseReleased(Ljava/awt/event/MouseEvent;)V+35
j  java.awt.Component.processMouseEvent(Ljava/awt/event/MouseEvent;)V+64
j  javax.swing.JComponent.processMouseEvent(Ljava/awt/event/MouseEvent;)V+23
j  java.awt.Component.processEvent(Ljava/awt/AWTEvent;)V+81
j  java.awt.Container.processEvent(Ljava/awt/AWTEvent;)V+18
J 1287 C1 java.awt.Component.dispatchEventImpl(Ljava/awt/AWTEvent;)V (921 bytes) @ 0x000001fd9bf1d2e4 [0x000001fd9bf17e00+0x54e4]
J 995 C1 java.awt.Container.dispatchEventImpl(Ljava/awt/AWTEvent;)V (129 bytes) @ 0x000001fd9be68d04 [0x000001fd9be68bc0+0x144]
J 994 C1 java.awt.Component.dispatchEvent(Ljava/awt/AWTEvent;)V (6 bytes) @ 0x000001fd9be5ec44 [0x000001fd9be5eb40+0x104]
j  java.awt.LightweightDispatcher.retargetMouseEvent(Ljava/awt/Component;ILjava/awt/event/MouseEvent;)V+349
j  java.awt.LightweightDispatcher.processMouseEvent(Ljava/awt/event/MouseEvent;)Z+155
j  java.awt.LightweightDispatcher.dispatchEvent(Ljava/awt/AWTEvent;)Z+50
J 995 C1 java.awt.Container.dispatchEventImpl(Ljava/awt/AWTEvent;)V (129 bytes) @ 0x000001fd9be68ca4 [0x000001fd9be68bc0+0xe4]
j  java.awt.Window.dispatchEventImpl(Ljava/awt/AWTEvent;)V+19
J 1273 C1 java.awt.EventQueue.dispatchEventImpl(Ljava/awt/AWTEvent;Ljava/lang/Object;)V (149 bytes) @ 0x000001fd9bf0923c [0x000001fd9bf07a00+0x183c]
J 1274 C1 java.awt.EventQueue$3.run()Ljava/lang/Void; (60 bytes) @ 0x000001fd9bf0a60c [0x000001fd9bf0a400+0x20c]
J 998 C1 java.awt.EventQueue$3.run()Ljava/lang/Object; (5 bytes) @ 0x000001fd9be6adcc [0x000001fd9be6ad40+0x8c]
v  ~StubRoutines::call_stub
J 678  java.security.AccessController.doPrivileged(Ljava/security/PrivilegedAction;Ljava/security/AccessControlContext;)Ljava/lang/Object; (0 bytes) @ 0x000001fd9bd7d826 [0x000001fd9bd7d7c0+0x66]
J 878 C1 java.security.ProtectionDomain$JavaSecurityAccessImpl.doIntersectionPrivilege(Ljava/security/PrivilegedAction;Ljava/security/AccessControlContext;Ljava/security/AccessControlContext;)Ljava/lang/Object; (22 bytes) @ 0x000001fd9bdff3ac [0x000001fd9bdfef40+0x46c]
j  java.security.ProtectionDomain$JavaSecurityAccessImpl.doIntersectionPrivilege(Ljava/security/PrivilegedAction;Ljava/security/AccessControlContext;)Ljava/lang/Object;+6
j  java.awt.EventQueue$4.run()Ljava/lang/Void;+11
j  java.awt.EventQueue$4.run()Ljava/lang/Object;+1
v  ~StubRoutines::call_stub
J 678  java.security.AccessController.doPrivileged(Ljava/security/PrivilegedAction;Ljava/security/AccessControlContext;)Ljava/lang/Object; (0 bytes) @ 0x000001fd9bd7d826 [0x000001fd9bd7d7c0+0x66]
J 996 C1 java.awt.EventQueue.dispatchEvent(Ljava/awt/AWTEvent;)V (80 bytes) @ 0x000001fd9be67b7c [0x000001fd9be66d00+0xe7c]
J 1024 C1 java.awt.EventDispatchThread.pumpOneEventForFilters(I)V (190 bytes) @ 0x000001fd9be793cc [0x000001fd9be78280+0x114c]
j  java.awt.EventDispatchThread.pumpEventsForFilter(ILjava/awt/Conditional;Ljava/awt/EventFilter;)V+35
j  java.awt.EventDispatchThread.pumpEventsForHierarchy(ILjava/awt/Conditional;Ljava/awt/Component;)V+11
j  java.awt.EventDispatchThread.pumpEvents(ILjava/awt/Conditional;)V+4
j  java.awt.EventDispatchThread.pumpEvents(Ljava/awt/Conditional;)V+3
j  java.awt.EventDispatchThread.run()V+9
v  ~StubRoutines::call_stub

---------------  P R O C E S S  ---------------

Java Threads: ( => current thread )
  0x000001fdaecac000 JavaThread "Image Fetcher 0" daemon [_thread_blocked, id=2244, stack(0x0000001382100000,0x0000001382200000)]
  0x000001fdafa66800 JavaThread "D3D Screen Updater" daemon [_thread_blocked, id=2092, stack(0x0000001382000000,0x0000001382100000)]
  0x000001fd9a13a000 JavaThread "DestroyJavaVM" [_thread_blocked, id=1228, stack(0x0000001380500000,0x0000001380600000)]
=>0x000001fdaedf2000 JavaThread "AWT-EventQueue-0" [_thread_in_native, id=128, stack(0x0000001381700000,0x0000001381800000)]
  0x000001fdaed99000 JavaThread "AWT-Windows" daemon [_thread_in_native, id=8224, stack(0x0000001381600000,0x0000001381700000)]
  0x000001fdaed98800 JavaThread "AWT-Shutdown" [_thread_blocked, id=9912, stack(0x0000001381500000,0x0000001381600000)]
  0x000001fdaed95800 JavaThread "Java2D Disposer" daemon [_thread_blocked, id=6920, stack(0x0000001381400000,0x0000001381500000)]
  0x000001fdadeed000 JavaThread "Service Thread" daemon [_thread_blocked, id=9752, stack(0x0000001381200000,0x0000001381300000)]
  0x000001fdade6f000 JavaThread "C1 CompilerThread2" daemon [_thread_blocked, id=9196, stack(0x0000001381100000,0x0000001381200000)]
  0x000001fdade58800 JavaThread "C2 CompilerThread1" daemon [_thread_blocked, id=10156, stack(0x0000001381000000,0x0000001381100000)]
  0x000001fdade56000 JavaThread "C2 CompilerThread0" daemon [_thread_blocked, id=9396, stack(0x0000001380f00000,0x0000001381000000)]
  0x000001fdade66000 JavaThread "Attach Listener" daemon [_thread_blocked, id=9972, stack(0x0000001380e00000,0x0000001380f00000)]
  0x000001fdade65000 JavaThread "Signal Dispatcher" daemon [_thread_blocked, id=11112, stack(0x0000001380d00000,0x0000001380e00000)]
  0x000001fdad70d000 JavaThread "Finalizer" daemon [_thread_blocked, id=7844, stack(0x0000001380c00000,0x0000001380d00000)]
  0x000001fdade35800 JavaThread "Reference Handler" daemon [_thread_blocked, id=3852, stack(0x0000001380b00000,0x0000001380c00000)]

Other Threads:
  0x000001fdade12800 VMThread [stack: 0x0000001380a00000,0x0000001380b00000] [id=6168]
  0x000001fdadef7800 WatcherThread [stack: 0x0000001381300000,0x0000001381400000] [id=7912]

VM state:not at safepoint (normal execution)

VM Mutex/Monitor currently owned by a thread: None

heap address: 0x00000000c8600000, size: 890 MB, Compressed Oops mode: 32-bit
Narrow klass base: 0x0000000000000000, Narrow klass shift: 3
Compressed class space size: 1073741824 Address: 0x0000000100000000

Heap:
 PSYoungGen      total 16896K, used 5490K [0x00000000ed780000, 0x00000000eea00000, 0x0000000100000000)
  eden space 14848K, 23% used [0x00000000ed780000,0x00000000edadfbc0,0x00000000ee600000)
  from space 2048K, 99% used [0x00000000ee600000,0x00000000ee7fce38,0x00000000ee800000)
  to   space 2048K, 0% used [0x00000000ee800000,0x00000000ee800000,0x00000000eea00000)
 ParOldGen       total 38400K, used 3279K [0x00000000c8600000, 0x00000000cab80000, 0x00000000ed780000)
  object space 38400K, 8% used [0x00000000c8600000,0x00000000c8933e20,0x00000000cab80000)
 Metaspace       used 14977K, capacity 15262K, committed 15616K, reserved 1062912K
  class space    used 1909K, capacity 2009K, committed 2048K, reserved 1048576K

Card table byte_map: [0x000001fdaaea0000,0x000001fdab060000] byte_map_base: 0x000001fdaa85d000

Marking Bits: (ParMarkBitMap*) 0x0000000051cf5f70
 Begin Bits: [0x000001fdab060000, 0x000001fdabe48000)
 End Bits:   [0x000001fdabe48000, 0x000001fdacc30000)

Polling page: 0x000001fd9a0c0000

CodeCache: size=245760Kb used=4512Kb max_used=4520Kb free=241247Kb
 bounds [0x000001fd9bae0000, 0x000001fd9bf50000, 0x000001fdaaae0000]
 total_blobs=1906 nmethods=1364 adapters=456
 compilation: enabled

Compilation events (10 events):
Event: 12.160 Thread 0x000001fdade6f000 nmethod 1378 0x000001fd9bf4a850 code [0x000001fd9bf4a9a0, 0x000001fd9bf4aad8]
Event: 12.163 Thread 0x000001fdade6f000 1379       1       java.net.URLClassLoader::access$000 (5 bytes)
Event: 12.163 Thread 0x000001fdade6f000 nmethod 1379 0x000001fd9bf4a590 code [0x000001fd9bf4a6e0, 0x000001fd9bf4a7d8]
Event: 12.163 Thread 0x000001fdade6f000 1380       3       java.util.BitSet::checkInvariants (111 bytes)
Event: 12.164 Thread 0x000001fdade6f000 nmethod 1380 0x000001fd9bf49e10 code [0x000001fd9bf49f60, 0x000001fd9bf4a0f8]
Event: 12.164 Thread 0x000001fdade6f000 1381   !   3       java.util.zip.Inflater::inflate (113 bytes)
Event: 12.165 Thread 0x000001fdade56000 nmethod 1376 0x000001fd9bf484d0 code [0x000001fd9bf48620, 0x000001fd9bf487d8]
Event: 12.165 Thread 0x000001fdade6f000 nmethod 1381 0x000001fd9bf49290 code [0x000001fd9bf49440, 0x000001fd9bf49ac0]
Event: 12.167 Thread 0x000001fdade6f000 1383       1       java.util.zip.ZipFile::access$000 (5 bytes)
Event: 12.167 Thread 0x000001fdade6f000 nmethod 1383 0x000001fd9bf48210 code [0x000001fd9bf48360, 0x000001fd9bf48458]

GC Heap History (2 events):
Event: 8.968 GC heap before
{Heap before GC invocations=1 (full 0):
 PSYoungGen      total 16896K, used 14848K [0x00000000ed780000, 0x00000000eea00000, 0x0000000100000000)
  eden space 14848K, 100% used [0x00000000ed780000,0x00000000ee600000,0x00000000ee600000)
  from space 2048K, 0% used [0x00000000ee800000,0x00000000ee800000,0x00000000eea00000)
  to   space 2048K, 0% used [0x00000000ee600000,0x00000000ee600000,0x00000000ee800000)
 ParOldGen       total 38400K, used 0K [0x00000000c8600000, 0x00000000cab80000, 0x00000000ed780000)
  object space 38400K, 0% used [0x00000000c8600000,0x00000000c8600000,0x00000000cab80000)
 Metaspace       used 14214K, capacity 14466K, committed 14720K, reserved 1062912K
  class space    used 1780K, capacity 1869K, committed 1920K, reserved 1048576K
Event: 8.986 GC heap after
Heap after GC invocations=1 (full 0):
 PSYoungGen      total 16896K, used 2035K [0x00000000ed780000, 0x00000000eea00000, 0x0000000100000000)
  eden space 14848K, 0% used [0x00000000ed780000,0x00000000ed780000,0x00000000ee600000)
  from space 2048K, 99% used [0x00000000ee600000,0x00000000ee7fce38,0x00000000ee800000)
  to   space 2048K, 0% used [0x00000000ee800000,0x00000000ee800000,0x00000000eea00000)
 ParOldGen       total 38400K, used 3279K [0x00000000c8600000, 0x00000000cab80000, 0x00000000ed780000)
  object space 38400K, 8% used [0x00000000c8600000,0x00000000c8933e20,0x00000000cab80000)
 Metaspace       used 14214K, capacity 14466K, committed 14720K, reserved 1062912K
  class space    used 1780K, capacity 1869K, committed 1920K, reserved 1048576K
}

Deoptimization events (7 events):
Event: 4.093 Thread 0x000001fdaedf2000 Uncommon trap: reason=class_check action=maybe_recompile pc=0x000001fd9bc4fe54 method=java.lang.String.equals(Ljava/lang/Object;)Z @ 8
Event: 4.093 Thread 0x000001fdaedf2000 Uncommon trap: reason=class_check action=maybe_recompile pc=0x000001fd9bc4fe54 method=java.lang.String.equals(Ljava/lang/Object;)Z @ 8
Event: 4.093 Thread 0x000001fdaedf2000 Uncommon trap: reason=class_check action=maybe_recompile pc=0x000001fd9bc4fe54 method=java.lang.String.equals(Ljava/lang/Object;)Z @ 8
Event: 4.891 Thread 0x000001fdaedf2000 Uncommon trap: reason=unstable_if action=reinterpret pc=0x000001fd9bcd5574 method=java.util.HashMap.putVal(ILjava/lang/Object;Ljava/lang/Object;ZZ)Ljava/lang/Object; @ 109
Event: 5.026 Thread 0x000001fdaedf2000 Uncommon trap: reason=unstable_if action=reinterpret pc=0x000001fd9bcc43c4 method=java.util.HashMap.putVal(ILjava/lang/Object;Ljava/lang/Object;ZZ)Ljava/lang/Object; @ 109
Event: 8.271 Thread 0x000001fdaedf2000 Uncommon trap: reason=class_check action=maybe_recompile pc=0x000001fd9bc4fe54 method=java.lang.String.equals(Ljava/lang/Object;)Z @ 8
Event: 12.022 Thread 0x000001fdaedf2000 Uncommon trap: reason=null_check action=make_not_entrant pc=0x000001fd9bd3802c method=javax.swing.plaf.nimbus.DerivedColor.equals(Ljava/lang/Object;)Z @ 8

Classes redefined (0 events):
No events

Internal exceptions (10 events):
Event: 0.864 Thread 0x000001fd9a13a000 Exception <a 'java/lang/ClassNotFoundException': ToggleButton> (0x00000000edaec2d0) thrown at [C:\cygwin64\tmp\openjdk-jdk8u-windows-x64-hotspot\workspace\build\src\hotspot\src\share\vm\classfile\systemDictionary.cpp, line 210]
Event: 0.864 Thread 0x000001fd9a13a000 Exception <a 'java/lang/ClassNotFoundException': javax/swing/JToolBarSeparator> (0x00000000edaec730) thrown at [C:\cygwin64\tmp\openjdk-jdk8u-windows-x64-hotspot\workspace\build\src\hotspot\src\share\vm\classfile\systemDictionary.cpp, line 210]
Event: 0.864 Thread 0x000001fd9a13a000 Exception <a 'java/lang/ClassNotFoundException': ToolBarSeparator> (0x00000000edaecbc8) thrown at [C:\cygwin64\tmp\openjdk-jdk8u-windows-x64-hotspot\workspace\build\src\hotspot\src\share\vm\classfile\systemDictionary.cpp, line 210]
Event: 0.865 Thread 0x000001fd9a13a000 Exception <a 'java/lang/ClassNotFoundException': ToolTip> (0x00000000edaed308) thrown at [C:\cygwin64\tmp\openjdk-jdk8u-windows-x64-hotspot\workspace\build\src\hotspot\src\share\vm\classfile\systemDictionary.cpp, line 210]
Event: 0.869 Thread 0x000001fd9a13a000 Exception <a 'java/lang/ClassNotFoundException': Tree> (0x00000000edaedf28) thrown at [C:\cygwin64\tmp\openjdk-jdk8u-windows-x64-hotspot\workspace\build\src\hotspot\src\share\vm\classfile\systemDictionary.cpp, line 210]
Event: 0.870 Thread 0x000001fd9a13a000 Exception <a 'java/lang/ClassNotFoundException': Tree> (0x00000000edaee668) thrown at [C:\cygwin64\tmp\openjdk-jdk8u-windows-x64-hotspot\workspace\build\src\hotspot\src\share\vm\classfile\systemDictionary.cpp, line 210]
Event: 0.870 Thread 0x000001fd9a13a000 Exception <a 'java/lang/ClassNotFoundException': javax/swing/JTreeCell> (0x00000000edaee9e8) thrown at [C:\cygwin64\tmp\openjdk-jdk8u-windows-x64-hotspot\workspace\build\src\hotspot\src\share\vm\classfile\systemDictionary.cpp, line 210]
Event: 0.870 Thread 0x000001fd9a13a000 Exception <a 'java/lang/ClassNotFoundException': TreeCell> (0x00000000edaeee70) thrown at [C:\cygwin64\tmp\openjdk-jdk8u-windows-x64-hotspot\workspace\build\src\hotspot\src\share\vm\classfile\systemDictionary.cpp, line 210]
Event: 0.872 Thread 0x000001fd9a13a000 Exception <a 'java/lang/ClassNotFoundException': RootPane> (0x00000000edaef8d0) thrown at [C:\cygwin64\tmp\openjdk-jdk8u-windows-x64-hotspot\workspace\build\src\hotspot\src\share\vm\classfile\systemDictionary.cpp, line 210]
Event: 12.022 Thread 0x000001fdaedf2000 Implicit null exception at 0x000001fd9bd37d1a to 0x000001fd9bd3801d

Events (10 events):
Event: 12.164 loading class org/jpl7/fli/Int64Holder
Event: 12.164 loading class org/jpl7/fli/Int64Holder done
Event: 12.165 loading class org/jpl7/fli/DoubleHolder
Event: 12.165 loading class org/jpl7/fli/DoubleHolder done
Event: 12.166 loading class org/jpl7/fli/StringHolder
Event: 12.166 loading class org/jpl7/fli/StringHolder done
Event: 12.166 loading class org/jpl7/fli/ObjectHolder
Event: 12.166 loading class org/jpl7/fli/ObjectHolder done
Event: 12.167 loading class org/jpl7/fli/BooleanHolder
Event: 12.167 loading class org/jpl7/fli/BooleanHolder done


Dynamic libraries:
0x00007ff76a130000 - 0x00007ff76a16a000 	C:\Users\Utilizador\AppData\Local\Programs\AdoptOpenJDK\bin\javaw.exe
0x00007ffdce290000 - 0x00007ffdce485000 	C:\WINDOWS\SYSTEM32\ntdll.dll
0x00007ffdcbc00000 - 0x00007ffdcbcbe000 	C:\WINDOWS\System32\KERNEL32.DLL
0x00007ffdcb370000 - 0x00007ffdcb638000 	C:\WINDOWS\System32\KERNELBASE.dll
0x00007ffdcc590000 - 0x00007ffdcc63e000 	C:\WINDOWS\System32\ADVAPI32.dll
0x00007ffdce140000 - 0x00007ffdce1de000 	C:\WINDOWS\System32\msvcrt.dll
0x00007ffdcd8c0000 - 0x00007ffdcd95c000 	C:\WINDOWS\System32\sechost.dll
0x00007ffdce010000 - 0x00007ffdce135000 	C:\WINDOWS\System32\RPCRT4.dll
0x00007ffdcd720000 - 0x00007ffdcd8c0000 	C:\WINDOWS\System32\USER32.dll
0x00007ffdcafc0000 - 0x00007ffdcafe2000 	C:\WINDOWS\System32\win32u.dll
0x00007ffdcbd50000 - 0x00007ffdcbd7a000 	C:\WINDOWS\System32\GDI32.dll
0x00007ffdcb7e0000 - 0x00007ffdcb8eb000 	C:\WINDOWS\System32\gdi32full.dll
0x00007ffdcb130000 - 0x00007ffdcb1cd000 	C:\WINDOWS\System32\msvcp_win.dll
0x00007ffdcb270000 - 0x00007ffdcb370000 	C:\WINDOWS\System32\ucrtbase.dll
0x00007ffdb2a20000 - 0x00007ffdb2cba000 	C:\WINDOWS\WinSxS\amd64_microsoft.windows.common-controls_6595b64144ccf1df_6.0.19041.1110_none_60b5254171f9507e\COMCTL32.dll
0x00007ffdcd960000 - 0x00007ffdcd990000 	C:\WINDOWS\System32\IMM32.DLL
0x00007ffda2430000 - 0x00007ffda251f000 	C:\Users\Utilizador\AppData\Local\Programs\AdoptOpenJDK\jre\bin\msvcr120.dll
0x00007ffda5b60000 - 0x00007ffda5c06000 	C:\Users\Utilizador\AppData\Local\Programs\AdoptOpenJDK\jre\bin\msvcp120.dll
0x0000000051570000 - 0x0000000051d6f000 	C:\Users\Utilizador\AppData\Local\Programs\AdoptOpenJDK\jre\bin\server\jvm.dll
0x00007ffdce000000 - 0x00007ffdce008000 	C:\WINDOWS\System32\PSAPI.DLL
0x00007ffdc62c0000 - 0x00007ffdc62e7000 	C:\WINDOWS\SYSTEM32\WINMM.dll
0x00007ffdc62f0000 - 0x00007ffdc62fa000 	C:\WINDOWS\SYSTEM32\VERSION.dll
0x00007ffd8f950000 - 0x00007ffd8f959000 	C:\WINDOWS\SYSTEM32\WSOCK32.dll
0x00007ffdcbb30000 - 0x00007ffdcbb9b000 	C:\WINDOWS\System32\WS2_32.dll
0x00007ffdc1620000 - 0x00007ffdc162f000 	C:\Users\Utilizador\AppData\Local\Programs\AdoptOpenJDK\jre\bin\verify.dll
0x00007ffdb9e40000 - 0x00007ffdb9e68000 	C:\Users\Utilizador\AppData\Local\Programs\AdoptOpenJDK\jre\bin\java.dll
0x00007ffdbd360000 - 0x00007ffdbd376000 	C:\Users\Utilizador\AppData\Local\Programs\AdoptOpenJDK\jre\bin\zip.dll
0x00007ffdccf70000 - 0x00007ffdcd6b4000 	C:\WINDOWS\System32\SHELL32.dll
0x00007ffdc90f0000 - 0x00007ffdc9884000 	C:\WINDOWS\SYSTEM32\windows.storage.dll
0x00007ffdcdbd0000 - 0x00007ffdcdf24000 	C:\WINDOWS\System32\combase.dll
0x00007ffdcaa30000 - 0x00007ffdcaa5c000 	C:\WINDOWS\SYSTEM32\Wldp.dll
0x00007ffdcba60000 - 0x00007ffdcbb0d000 	C:\WINDOWS\System32\SHCORE.dll
0x00007ffdce1f0000 - 0x00007ffdce245000 	C:\WINDOWS\System32\shlwapi.dll
0x00007ffdcaf00000 - 0x00007ffdcaf1f000 	C:\WINDOWS\SYSTEM32\profapi.dll
0x00007ffda1660000 - 0x00007ffda17f5000 	C:\Users\Utilizador\AppData\Local\Programs\AdoptOpenJDK\jre\bin\awt.dll
0x00007ffdcdf30000 - 0x00007ffdcdffd000 	C:\WINDOWS\System32\OLEAUT32.dll
0x00007ffdc8840000 - 0x00007ffdc88d0000 	C:\WINDOWS\SYSTEM32\apphelp.dll
0x00007ffdc8a10000 - 0x00007ffdc8aae000 	C:\WINDOWS\system32\uxtheme.dll
0x00007ffdcb940000 - 0x00007ffdcba55000 	C:\WINDOWS\System32\MSCTF.dll
0x00007ffdcd990000 - 0x00007ffdcdaba000 	C:\WINDOWS\System32\ole32.dll
0x00007ffdc8ef0000 - 0x00007ffdc8f02000 	C:\WINDOWS\SYSTEM32\kernel.appcore.dll
0x00007ffdcb0a0000 - 0x00007ffdcb122000 	C:\WINDOWS\System32\bcryptPrimitives.dll
0x00007ffdc8de0000 - 0x00007ffdc8e0f000 	C:\WINDOWS\system32\DWMAPI.DLL
0x00007ffda5410000 - 0x00007ffda54a3000 	C:\Users\Utilizador\AppData\Local\Programs\AdoptOpenJDK\jre\bin\freetype.dll
0x00007ffda15a0000 - 0x00007ffda165d000 	C:\Users\Utilizador\AppData\Local\Programs\AdoptOpenJDK\jre\bin\fontmanager.dll
0x00007ffda1470000 - 0x00007ffda1596000 	C:\WINDOWS\system32\opengl32.dll
0x00007ffdaf280000 - 0x00007ffdaf2ac000 	C:\WINDOWS\SYSTEM32\GLU32.dll
0x00007ffd8b660000 - 0x00007ffd8b82f000 	C:\WINDOWS\system32\d3d9.dll
0x00007ffdc37e0000 - 0x00007ffdc3947000 	C:\WINDOWS\SYSTEM32\aticfx64.dll
0x00007ffd8b630000 - 0x00007ffd8b651000 	C:\WINDOWS\SYSTEM32\atiu9p64.dll
0x00007ffd8add0000 - 0x00007ffd8b629000 	C:\WINDOWS\SYSTEM32\atiumd64.dll
0x0000000053df0000 - 0x0000000054678000 	C:\WINDOWS\SYSTEM32\atiumd6a.dll
0x00007ffdca5a0000 - 0x00007ffdca5eb000 	C:\WINDOWS\SYSTEM32\POWRPROF.dll
0x00007ffdca420000 - 0x00007ffdca432000 	C:\WINDOWS\SYSTEM32\UMPDC.dll
0x00007ffdba060000 - 0x00007ffdba07a000 	C:\Users\Utilizador\AppData\Local\Programs\AdoptOpenJDK\jre\bin\net.dll
0x00007ffdca790000 - 0x00007ffdca7fa000 	C:\WINDOWS\system32\mswsock.dll
0x00007ffdb8b20000 - 0x00007ffdb8b32000 	C:\Users\Utilizador\AppData\Local\Programs\AdoptOpenJDK\jre\bin\nio.dll
0x00007ffdc0a50000 - 0x00007ffdc0b49000 	C:\WINDOWS\SYSTEM32\textinputframework.dll
0x00007ffdc7f20000 - 0x00007ffdc827e000 	C:\WINDOWS\System32\CoreUIComponents.dll
0x00007ffdc8600000 - 0x00007ffdc86f2000 	C:\WINDOWS\System32\CoreMessaging.dll
0x00007ffdc7420000 - 0x00007ffdc7574000 	C:\WINDOWS\SYSTEM32\wintypes.dll
0x00007ffdc9ce0000 - 0x00007ffdc9d13000 	C:\WINDOWS\SYSTEM32\ntmarta.dll
0x00007ffdaec00000 - 0x00007ffdaec2a000 	C:\Users\Utilizador\AppData\Local\Programs\AdoptOpenJDK\jre\bin\jpeg.dll
0x000000006bb80000 - 0x000000006bbe5000 	C:\Program Files\swipl\bin\jpl.dll
0x0000000070200000 - 0x0000000070a33000 	C:\Program Files\swipl\bin\libswipl.dll
0x0000000064940000 - 0x000000006498b000 	C:\Program Files\swipl\bin\libwinpthread-1.dll
0x00007ffdcc720000 - 0x00007ffdcc73d000 	C:\WINDOWS\System32\imagehlp.dll
0x000000006acc0000 - 0x000000006ad48000 	C:\Program Files\swipl\bin\libgmp-10.dll
0x0000000061440000 - 0x00000000614be000 	C:\Program Files\swipl\bin\libgcc_s_seh-1.dll
0x0000000069e80000 - 0x0000000069f55000 	C:\Program Files\swipl\bin\libdwarf.dll
0x00007ffdc24a0000 - 0x00007ffdc2684000 	C:\WINDOWS\SYSTEM32\dbghelp.dll

VM Arguments:
jvm_args: -Dfile.encoding=Cp1252 
java_command: tarefa1.Festival
java_class_path (initial): C:\Users\Utilizador\Downloads\Prolog---Java---Choose-a-festival-according-to-a-knowledge-database.-master\Prolog---Java---Choose-a-festival-according-to-a-knowledge-database.-master\target\classes;C:\Program Files\swipl\lib\jpl.jar;C:\Users\Utilizador\Downloads\jar_files (9)\commons-io-2.11.0.jar
Launcher Type: SUN_STANDARD

Environment Variables:
JAVA_HOME=C:\Users\Utilizador\AppData\Local\Programs\AdoptOpenJDK\jre
PATH=C:/Users/Utilizador/AppData/Local/Programs/AdoptOpenJDK/bin/../jre/bin/server;C:/Users/Utilizador/AppData/Local/Programs/AdoptOpenJDK/bin/../jre/bin;C:/Users/Utilizador/AppData/Local/Programs/AdoptOpenJDK/bin/../jre/lib/amd64;C:\Program Files\sap\hdbclient;C:\GTK\bin;C:\Users\Utilizador\Downloads\SDL2-devel-2.0.14-VC\SDL2-2.0.14\lib\x64;C:\Program Files\Microsoft\Web Platform Installer;C:\Users\Utilizador\apache-ant-1.10.10-src\apache-ant-1.10.10\bin;C:\Program Files\nodejs\;C:\Program Files\dotnet\;C:\WINDOWS\system32;C:\WINDOWS;C:\WINDOWS\System32\Wbem;C:\WINDOWS\System32\WindowsPowerShell\v1.0\;C:\WINDOWS\System32\OpenSSH\;C:\Program Files (x86)\ATI Technologies\ATI.ACE\Core-Static;C:\Program Files (x86)\dotnet\;C:\Users\Utilizador\Downloads\Instagram-automated-commenting-main\Resource\driver;C:\Users\Utilizador\AppData\Local\Programs\Python\Python38\Scripts\;C:\Users\Utilizador\AppData\Local\Programs\Python\Python38\;C:\Users\Utilizador\AppData\Local\Programs\AdoptOpenJDK\bin;C:\Users\Utilizador\AppData\Local\Programs\Microsoft VS Code\bin;C:\Users\Utilizador\.dotnet\tools;C:\Users\Utilizador\go\bin;C:\Program Files\heroku\bin;C:\Users\Utilizador\apache-ant-1.10.10-src\apache-ant-1.10.10\bin;C:\Users\Utilizador\AppData\Roaming\npm;C:\Users\Utilizador\.dotnet\tools;C:\Windows\System32;C:\Users\Utilizador\AppData\Local\Microsoft\WindowsApps;C:\Spark1\spark-3.1.2-bin-hadoop3.2\bin;C:\hadoop\bin;C:\Program Files\Git\bin;C:\Program Files\Git\usr\bin;C:\Users\Utilizador\Downloads\apache-maven-3.8.4-bin.tar\apache-maven-3.8.4-bin\apache-maven-3.8.4\bin;C:\Users\Utilizador\Downloads\protoc-2.5.0-win32;C:\MinGW\bin;C:\GTK\bin;C:\Users\Utilizador\Downloads\Instagram-automated-commenting-main\Resource\driver;C:\Program Files\swipl\bin;C:\Program Files\swipl\lib\jpl.jar;;C:\Users\Utilizador\eclipse\jee-2019-12\eclipse;
USERNAME=Utilizador
OS=Windows_NT
PROCESSOR_IDENTIFIER=AMD64 Family 21 Model 16 Stepping 1, AuthenticAMD



---------------  S Y S T E M  ---------------

OS: Windows 10.0 , 64 bit Build 19041 (10.0.19041.1645)

CPU:total 4 (initial active 4) (4 cores per cpu, 1 threads per core) family 21 model 16 stepping 1, cmov, cx8, fxsr, mmx, sse, sse2, sse3, ssse3, sse4.1, sse4.2, popcnt, avx, aes, clmul, mmxext, 3dnowpref, lzcnt, sse4a, tsc, tscinvbit, tscinv, bmi1

Memory: 4k page, physical 3643764k(435256k free), swap 9673076k(3025592k free)

vm_info: OpenJDK 64-Bit Server VM (25.232-b09) for windows-amd64 JRE (1.8.0_232-b09), built on Oct 18 2019 15:06:13 by "jenkins" with MS VC++ 12.0 (VS2013)

time: Thu May 12 18:34:26 2022
timezone: Hora de Verão de GMT
elapsed time: 12 seconds (0d 0h 0m 12s)

